<?xml version="1.0" encoding="UTF-8"?>
<testng-results ignored="0" total="1" passed="1" failed="0" skipped="0">
  <reporter-output>
  </reporter-output>
  <suite started-at="2022-05-06T18:14:08 WEST" name="Default Suite" finished-at="2022-05-06T18:14:13 WEST" duration-ms="5253">
    <groups>
    </groups>
    <test started-at="2022-05-06T18:14:08 WEST" name="SeleniumGrid_TestNG_PageFactory" finished-at="2022-05-06T18:14:13 WEST" duration-ms="5253">
      <class name="tests.SmokeTests">
        <test-method is-config="true" signature="setUp(java.lang.String)[pri:0, instance:tests.SmokeTests@5606c0b]" started-at="2022-05-06T18:14:08 WEST" name="setUp" finished-at="2022-05-06T18:14:11 WEST" duration-ms="2721" status="PASS">
          <params>
            <param index="0">
              <value>
                <![CDATA[chrome]]>
              </value>
            </param>
          </params>
          <reporter-output>
          </reporter-output>
        </test-method> <!-- setUp -->
        <test-method signature="checkMainComponentsVisibilityOnHomePage()[pri:0, instance:tests.SmokeTests@5606c0b]" started-at="2022-05-06T18:14:11 WEST" name="checkMainComponentsVisibilityOnHomePage" finished-at="2022-05-06T18:14:13 WEST" duration-ms="2330" status="PASS">
          <reporter-output>
          </reporter-output>
        </test-method> <!-- checkMainComponentsVisibilityOnHomePage -->
        <test-method is-config="true" signature="tearDown()[pri:0, instance:tests.SmokeTests@5606c0b]" started-at="2022-05-06T18:14:13 WEST" name="tearDown" finished-at="2022-05-06T18:14:13 WEST" duration-ms="185" status="PASS">
          <reporter-output>
          </reporter-output>
        </test-method> <!-- tearDown -->
        <test-method is-config="true" signature="terminate()[pri:0, instance:tests.SmokeTests@5606c0b]" started-at="2022-05-06T18:14:13 WEST" name="terminate" finished-at="2022-05-06T18:14:13 WEST" duration-ms="0" status="PASS">
          <reporter-output>
          </reporter-output>
        </test-method> <!-- terminate -->
      </class> <!-- tests.SmokeTests -->
    </test> <!-- SeleniumGrid_TestNG_PageFactory -->
  </suite> <!-- Default Suite -->
</testng-results>
